  3   0     3
  8   1 8.06226
 16   2 16.1245
 26   3 26.1725
 38   5 38.3275
 60   9 60.6712
 87  14 88.1192
107  17 108.342
128  20 129.553
161  25 162.929
202  31 204.365
250  39 253.024
302  46 305.483
358  53 361.902
417  60 421.294
479  67 483.663
543  74 548.019
609  81 614.363
675  88 680.712
741  95 747.065
806 101 812.304
869 107 875.563
929 114 935.968
987 121 994.389
1043 129 1050.95
1095 137 1103.54
1144 145 1153.15
1189 153 1198.8
1229 160 1239.37
1265 167 1275.98
1297 174 1308.62
1331 182 1343.39
1358 188 1370.95
1380 193 1393.43
1397 196 1410.68
1410 198 1423.83
1421 200 1435.01
1428 201 1442.08
1433 202 1447.17
1433 202 1447.17
